Spark Command: /opt/java/openjdk/bin/java -cp /opt/spark/conf:/opt/spark/jars/* -Xmx1g org.apache.spark.deploy.master.Master --host a5b4f30fa49c --port 7077 --webui-port 8080
========================================
Using Spark's default log4j profile: org/apache/spark/log4j2-defaults.properties
24/11/13 03:05:00 INFO Master: Started daemon with process name: 17@a5b4f30fa49c
24/11/13 03:05:00 INFO SignalUtils: Registering signal handler for TERM
24/11/13 03:05:00 INFO SignalUtils: Registering signal handler for HUP
24/11/13 03:05:00 INFO SignalUtils: Registering signal handler for INT
24/11/13 03:05:00 WARN NativeCodeLoader: Unable to load native-hadoop library for your platform... using builtin-java classes where applicable
24/11/13 03:05:01 INFO SecurityManager: Changing view acls to: spark
24/11/13 03:05:01 INFO SecurityManager: Changing modify acls to: spark
24/11/13 03:05:01 INFO SecurityManager: Changing view acls groups to: 
24/11/13 03:05:01 INFO SecurityManager: Changing modify acls groups to: 
24/11/13 03:05:01 INFO SecurityManager: SecurityManager: authentication disabled; ui acls disabled; users with view permissions: spark; groups with view permissions: EMPTY; users with modify permissions: spark; groups with modify permissions: EMPTY
24/11/13 03:05:01 INFO Utils: Successfully started service 'sparkMaster' on port 7077.
24/11/13 03:05:01 INFO Master: Starting Spark master at spark://a5b4f30fa49c:7077
24/11/13 03:05:01 INFO Master: Running Spark version 3.5.1
24/11/13 03:05:01 INFO JettyUtils: Start Jetty 0.0.0.0:8080 for MasterUI
24/11/13 03:05:01 INFO Utils: Successfully started service 'MasterUI' on port 8080.
24/11/13 03:05:01 INFO MasterWebUI: Bound MasterWebUI to 0.0.0.0, and started at http://a5b4f30fa49c:8080
24/11/13 03:05:01 INFO Master: I have been elected leader! New state: ALIVE
